2024-10-14 07:37:26,086 - INFO: Program started
2024-10-14 07:37:27,131 - INFO: Program finished with error: Error fetching data: <urlopen error Tunnel connection failed: 407 Auth Failed (code: ip_forbidden)>
2024-10-21 04:33:19,826 - INFO: Program started
2024-10-21 04:33:28,155 - INFO: Finish scrape 1 upcoming ipo data
2024-10-28 00:55:34,601 - INFO: Program started
2024-10-28 00:55:41,009 - INFO: Finish scrape 0 upcoming ipo data
2024-11-04 00:54:56,935 - INFO: Program started
2024-11-04 00:55:06,235 - INFO: Finish scrape 0 upcoming ipo data
2024-11-11 00:53:28,798 - INFO: Program started
2024-11-11 00:53:38,944 - INFO: Finish scrape 0 upcoming ipo data
2024-11-18 00:57:09,985 - INFO: Program started
2024-11-18 00:57:21,343 - INFO: Finish scrape 1 upcoming ipo data
2024-11-25 00:57:08,399 - INFO: Program started
2024-11-25 00:57:18,734 - INFO: Finish scrape 1 upcoming ipo data
2024-12-02 00:59:01,052 - INFO: Program started
2024-12-02 01:00:10,950 - INFO: Finish scrape 2 upcoming ipo data
2024-12-09 00:59:33,804 - INFO: Program started
2024-12-09 00:59:44,349 - INFO: Finish scrape 1 upcoming ipo data
2024-12-16 01:00:04,390 - INFO: Program started
2024-12-16 01:00:22,757 - INFO: Finish scrape 4 upcoming ipo data
2024-12-23 00:54:40,587 - INFO: Program started
2024-12-23 00:56:14,259 - INFO: Finish scrape 3 upcoming ipo data
2024-12-30 00:55:08,979 - INFO: Program started
2024-12-30 00:55:11,286 - INFO: Finish scrape 0 upcoming ipo data
2025-01-06 00:56:01,367 - INFO: Program started
2025-01-06 00:56:03,139 - INFO: Finish scrape 0 upcoming ipo data
2025-01-07 06:21:34,717 - INFO: Program started
2025-01-07 06:21:44,376 - INFO: IPO detail updated successfully for: OBAT.JK
2025-01-07 06:21:45,097 - INFO: IPO detail updated successfully for: DGWG.JK
2025-01-07 06:21:45,828 - INFO: IPO detail updated successfully for: CBDK.JK
2025-01-07 06:21:45,828 - INFO: Finish scrape 3 closed ipo data
2025-01-13 00:56:49,524 - INFO: Program started
2025-01-13 00:56:52,151 - INFO: Finish scrape 0 upcoming ipo data
2025-01-20 00:52:57,821 - INFO: Program started
2025-01-20 00:53:08,546 - INFO: Finish scrape 0 upcoming ipo data
2025-01-27 00:53:30,075 - INFO: Program started
2025-01-27 00:53:32,146 - INFO: Finish scrape 0 upcoming ipo data
2025-02-03 00:53:28,103 - INFO: Program started
2025-02-03 00:53:30,219 - INFO: Finish scrape 0 upcoming ipo data
2025-02-10 00:54:11,181 - INFO: Program started
2025-02-10 00:54:15,440 - INFO: Finish scrape 0 upcoming ipo data
2025-02-17 00:55:38,908 - INFO: Program started
2025-02-17 00:55:41,887 - INFO: Finish scrape 0 upcoming ipo data
2025-02-24 00:55:35,708 - INFO: Program started
2025-02-24 00:55:38,826 - INFO: Finish scrape 0 upcoming ipo data
2025-03-03 00:56:37,493 - INFO: Program started
2025-03-03 00:56:39,913 - INFO: Finish scrape 0 upcoming ipo data
2025-03-10 00:46:24,049 - INFO: Program started
2025-03-10 00:46:33,306 - INFO: Finish scrape 1 upcoming ipo data
2025-03-17 00:57:54,911 - INFO: Program started
2025-03-17 00:58:01,056 - INFO: Finish scrape 1 upcoming ipo data
2025-03-20 08:38:05,470 - INFO: Program started
2025-03-20 08:38:12,698 - INFO: Finish scrape 1 upcoming ipo data
2025-03-24 00:58:31,575 - INFO: Program started
2025-03-24 00:58:34,439 - INFO: Finish scrape 0 upcoming ipo data
2025-03-31 01:00:15,972 - INFO: Program started
2025-03-31 01:00:20,800 - INFO: Finish scrape 0 upcoming ipo data
2025-04-07 00:59:32,550 - INFO: Program started
2025-04-07 00:59:35,513 - INFO: Finish scrape 0 upcoming ipo data
2025-04-14 01:00:47,861 - INFO: Program started
2025-04-14 01:00:53,127 - INFO: Finish scrape 0 upcoming ipo data
2025-04-21 01:01:41,783 - INFO: Program started
2025-04-21 01:01:45,128 - INFO: Finish scrape 0 upcoming ipo data
2025-04-28 01:01:04,940 - INFO: Program started
2025-04-28 01:01:12,681 - INFO: Finish scrape 1 upcoming ipo data
2025-04-29 06:00:07,888 - INFO: Program started
2025-04-29 06:00:12,041 - INFO: Finish scrape 0 upcoming ipo data
2025-05-12 01:03:14,041 - INFO: Program started
2025-05-12 01:03:16,500 - INFO: Finish scrape 0 upcoming ipo data
2025-05-19 01:04:07,570 - INFO: Program started
2025-05-19 01:04:09,386 - INFO: Finish scrape 0 upcoming ipo data
2025-05-26 01:03:19,362 - INFO: Program started
2025-05-26 01:03:22,047 - INFO: Finish scrape 0 upcoming ipo data
2025-06-02 01:04:32,905 - INFO: Program started
2025-06-02 01:04:34,213 - INFO: Finish scrape 0 upcoming ipo data
2025-06-09 01:05:55,801 - INFO: Program started
2025-06-09 01:05:57,697 - INFO: Finish scrape 0 upcoming ipo data
2025-06-16 01:05:02,916 - INFO: Program started
2025-06-16 01:05:04,883 - INFO: Finish scrape 0 upcoming ipo data
2025-06-23 01:06:54,936 - INFO: Program started
2025-06-23 01:07:13,814 - INFO: Finish scrape 2 upcoming ipo data
2025-06-30 01:07:40,997 - INFO: Program started
2025-06-30 01:07:43,295 - INFO: Finish scrape 0 upcoming ipo data
2025-07-07 01:07:53,218 - INFO: Program started
2025-07-07 01:08:01,666 - INFO: Finish scrape 0 upcoming ipo data
2025-07-14 01:08:40,911 - INFO: Program started
2025-07-14 01:08:45,701 - INFO: Finish scrape 0 upcoming ipo data
2025-07-21 01:10:38,335 - INFO: Program started
2025-07-21 01:10:41,298 - INFO: Finish scrape 0 upcoming ipo data
2025-07-28 01:11:43,621 - INFO: Program started
2025-07-28 01:11:45,579 - INFO: Finish scrape 0 upcoming ipo data
2025-08-04 01:13:54,214 - INFO: Program started
2025-08-04 01:13:59,045 - INFO: Finish scrape 0 upcoming ipo data
2025-08-11 01:09:28,950 - INFO: Program started
2025-08-11 01:09:30,450 - INFO: Finish scrape 0 upcoming ipo data
2025-08-18 01:08:03,488 - INFO: Program started
2025-08-18 01:08:07,082 - INFO: Finish scrape 0 upcoming ipo data
2025-08-25 01:02:02,949 - INFO: Program started
2025-08-25 01:02:08,097 - INFO: Finish scrape 0 upcoming ipo data
2025-09-01 01:08:46,808 - INFO: Program started
2025-09-01 01:08:49,589 - INFO: Finish scrape 0 upcoming ipo data
2025-09-08 01:00:16,029 - INFO: Program started
2025-09-08 01:00:21,466 - INFO: Finish scrape 0 upcoming ipo data
2025-09-15 01:01:03,384 - INFO: Program started
2025-09-15 01:01:09,922 - INFO: Finish scrape 0 upcoming ipo data
2025-09-22 01:01:41,521 - INFO: Program started
2025-09-22 01:01:47,026 - INFO: Finish scrape 0 upcoming ipo data
2025-09-29 00:59:17,464 - INFO: Program started
2025-09-29 00:59:19,409 - INFO: Finish scrape 0 upcoming ipo data
2025-10-06 00:58:13,180 - INFO: Program started
2025-10-06 00:58:15,463 - INFO: Finish scrape 0 upcoming ipo data
2025-10-13 01:01:33,102 - INFO: Program started
2025-10-13 01:01:38,233 - INFO: Finish scrape 0 upcoming ipo data
2025-10-20 01:02:49,712 - INFO: Program started
2025-10-20 01:02:52,090 - INFO: Finish scrape 0 upcoming ipo data
2025-10-27 01:04:50,626 - INFO: Program started
2025-10-27 01:05:00,145 - INFO: Finish scrape 1 upcoming ipo data
2025-11-03 01:03:32,434 - INFO: Program started
2025-11-03 01:03:35,092 - INFO: Finish scrape 0 upcoming ipo data
2025-11-10 01:04:02,982 - INFO: Program started
2025-11-10 01:04:06,016 - INFO: Finish scrape 0 upcoming ipo data
2025-11-17 01:02:22,570 - INFO: Program started
2025-11-17 01:02:24,815 - INFO: Finish scrape 0 upcoming ipo data
2025-11-24 01:05:28,826 - INFO: Program started
2025-11-24 01:05:34,200 - INFO: Finish scrape 0 upcoming ipo data
2025-12-01 01:14:08,487 - INFO: Program started
2025-12-01 01:14:23,249 - INFO: Finish scrape 1 upcoming ipo data
2025-12-08 01:03:27,637 - INFO: Program started
2025-12-08 01:03:32,477 - INFO: Finish scrape 0 upcoming ipo data
2025-12-15 01:07:11,065 - INFO: Program started
2025-12-15 01:07:16,123 - INFO: Finish scrape 0 upcoming ipo data
2025-12-22 01:08:03,316 - INFO: Program started
2025-12-22 01:08:08,014 - INFO: Finish scrape 0 upcoming ipo data
2025-12-29 01:10:43,425 - INFO: Program started
2025-12-29 01:10:46,033 - INFO: Finish scrape 0 upcoming ipo data
2026-01-05 01:12:40,961 - INFO: Program started
2026-01-05 01:12:42,933 - INFO: Finish scrape 0 upcoming ipo data
2026-01-07 09:23:24,770 - INFO: Program started
2026-01-07 09:23:27,608 - INFO: Finish scrape 0 upcoming ipo data
2026-01-07 09:36:50,176 - INFO: Program started
2026-01-07 09:36:52,160 - INFO: Finish scrape 0 upcoming ipo data
2026-01-12 01:10:23,983 - INFO: Program started
2026-01-12 01:10:26,244 - INFO: Finish scrape 0 upcoming ipo data
2026-01-19 01:11:42,812 - INFO: Program started
2026-01-19 01:11:47,486 - INFO: Finish scrape 0 upcoming ipo data
2026-01-26 01:13:43,284 - INFO: Program started
2026-01-26 01:13:48,700 - INFO: Finish scrape 0 upcoming ipo data
2026-02-02 01:22:11,556 - INFO: Program started
2026-02-02 01:22:16,698 - INFO: Finish scrape 0 upcoming ipo data
2026-02-09 01:24:05,542 - INFO: Program started
2026-02-09 01:24:21,448 - INFO: Finish scrape 0 upcoming ipo data
